2020-05-26 10:46:51.234  INFO 11868 --- [restartedMain] com.example.Merucari2Application         : Starting Merucari2Application on DESKTOP-R3UVL59 with PID 11868 (C:\env\springworkspace\merukari2\target\classes started by ashibe in C:\env\springworkspace\merukari2)
2020-05-26 10:46:51.235  INFO 11868 --- [restartedMain] com.example.Merucari2Application         : No active profile set, falling back to default profiles: default
2020-05-26 10:46:51.607  INFO 11868 --- [restartedMain] o.s.b.w.embedded.tomcat.TomcatWebServer  : Tomcat initialized with port(s): 8080 (http)
2020-05-26 10:46:51.608  INFO 11868 --- [restartedMain] o.apache.catalina.core.StandardService   : Starting service [Tomcat]
2020-05-26 10:46:51.609  INFO 11868 --- [restartedMain] org.apache.catalina.core.StandardEngine  : Starting Servlet Engine: Apache Tomcat/9.0.13
2020-05-26 10:46:51.626  INFO 11868 --- [restartedMain] o.a.c.c.C.[Tomcat].[localhost].[/]       : Initializing Spring embedded WebApplicationContext
2020-05-26 10:46:51.626  INFO 11868 --- [restartedMain] o.s.web.context.ContextLoader            : Root WebApplicationContext: initialization completed in 388 ms
2020-05-26 10:46:51.796  INFO 11868 --- [restartedMain] o.s.s.concurrent.ThreadPoolTaskExecutor  : Initializing ExecutorService 'applicationTaskExecutor'
2020-05-26 10:46:51.927  INFO 11868 --- [restartedMain] o.s.b.d.a.OptionalLiveReloadServer       : LiveReload server is running on port 35729
2020-05-26 10:46:51.959  INFO 11868 --- [restartedMain] o.s.b.w.embedded.tomcat.TomcatWebServer  : Tomcat started on port(s): 8080 (http) with context path ''
2020-05-26 10:46:51.961  INFO 11868 --- [restartedMain] com.example.Merucari2Application         : Started Merucari2Application in 0.795 seconds (JVM running for 41.172)
2020-05-26 10:46:51.964  INFO 11868 --- [restartedMain] .ConditionEvaluationDeltaLoggingListener : Condition evaluation unchanged
2020-05-26 10:46:53.230  INFO 11868 --- [RMI TCP Connection(2)-127.0.0.1] inMXBeanRegistrar$SpringApplicationAdmin : Application shutdown requested.
2020-05-26 10:46:53.242  INFO 11868 --- [RMI TCP Connection(2)-127.0.0.1] o.s.s.concurrent.ThreadPoolTaskExecutor  : Shutting down ExecutorService 'applicationTaskExecutor'
2020-05-26 10:46:59.480  INFO 6012 --- [restartedMain] com.example.Merucari2Application         : Starting Merucari2Application on DESKTOP-R3UVL59 with PID 6012 (C:\env\springworkspace\merukari2\target\classes started by ashibe in C:\env\springworkspace\merukari2)
2020-05-26 10:46:59.487  INFO 6012 --- [restartedMain] com.example.Merucari2Application         : No active profile set, falling back to default profiles: default
2020-05-26 10:46:59.567  INFO 6012 --- [restartedMain] .e.DevToolsPropertyDefaultsPostProcessor : Devtools property defaults active! Set 'spring.devtools.add-properties' to 'false' to disable
2020-05-26 10:46:59.568  INFO 6012 --- [restartedMain] .e.DevToolsPropertyDefaultsPostProcessor : For additional web related logging consider setting the 'logging.level.web' property to 'DEBUG'
2020-05-26 10:47:02.430  INFO 6012 --- [restartedMain] o.s.b.w.embedded.tomcat.TomcatWebServer  : Tomcat initialized with port(s): 8080 (http)
2020-05-26 10:47:02.497  INFO 6012 --- [restartedMain] o.apache.catalina.core.StandardService   : Starting service [Tomcat]
2020-05-26 10:47:02.498  INFO 6012 --- [restartedMain] org.apache.catalina.core.StandardEngine  : Starting Servlet Engine: Apache Tomcat/9.0.13
2020-05-26 10:47:02.523  INFO 6012 --- [restartedMain] o.a.catalina.core.AprLifecycleListener   : The APR based Apache Tomcat Native library which allows optimal performance in production environments was not found on the java.library.path: [C:\env\app\java\jre\bin;C:\WINDOWS\Sun\Java\bin;C:\WINDOWS\system32;C:\WINDOWS;C:/env/app/java/jre/bin/server;C:/env/app/java/jre/bin;C:/env/app/java/jre/lib/amd64;C:\Program Files (x86)\Common Files\Oracle\Java\javapath;C:\WINDOWS\system32;C:\WINDOWS;C:\WINDOWS\System32\Wbem;C:\WINDOWS\System32\WindowsPowerShell\v1.0\;C:\WINDOWS\System32\OpenSSH\;C:\env\app\java\jdk\bin;C:\env\app\Git\cmd;C:\Users\ashibe\AppData\Local\Microsoft\WindowsApps;;C:\env\app\sts-4.1.0.RELEASE;;.]
2020-05-26 10:47:02.804  INFO 6012 --- [restartedMain] o.a.c.c.C.[Tomcat].[localhost].[/]       : Initializing Spring embedded WebApplicationContext
2020-05-26 10:47:02.805  INFO 6012 --- [restartedMain] o.s.web.context.ContextLoader            : Root WebApplicationContext: initialization completed in 3236 ms
2020-05-26 10:47:03.264  INFO 6012 --- [restartedMain] o.s.s.concurrent.ThreadPoolTaskExecutor  : Initializing ExecutorService 'applicationTaskExecutor'
2020-05-26 10:47:03.761  INFO 6012 --- [restartedMain] o.s.b.d.a.OptionalLiveReloadServer       : LiveReload server is running on port 35729
2020-05-26 10:47:03.985  INFO 6012 --- [restartedMain] o.s.b.w.embedded.tomcat.TomcatWebServer  : Tomcat started on port(s): 8080 (http) with context path ''
2020-05-26 10:47:03.989  INFO 6012 --- [restartedMain] com.example.Merucari2Application         : Started Merucari2Application in 5.343 seconds (JVM running for 7.378)
2020-05-26 10:47:04.063  INFO 6012 --- [http-nio-8080-exec-1] o.a.c.c.C.[Tomcat].[localhost].[/]       : Initializing Spring DispatcherServlet 'dispatcherServlet'
2020-05-26 10:47:04.064  INFO 6012 --- [http-nio-8080-exec-1] o.s.web.servlet.DispatcherServlet        : Initializing Servlet 'dispatcherServlet'
2020-05-26 10:47:04.076  INFO 6012 --- [http-nio-8080-exec-1] o.s.web.servlet.DispatcherServlet        : Completed initialization in 12 ms
2020-05-26 10:47:04.299  INFO 6012 --- [http-nio-8080-exec-1] com.zaxxer.hikari.HikariDataSource       : HikariPool-1 - Starting...
2020-05-26 10:47:04.437  INFO 6012 --- [http-nio-8080-exec-1] com.zaxxer.hikari.HikariDataSource       : HikariPool-1 - Start completed.
2020-05-26 10:52:33.980  INFO 6012 --- [Thread-6] o.s.s.concurrent.ThreadPoolTaskExecutor  : Shutting down ExecutorService 'applicationTaskExecutor'
2020-05-26 10:52:33.983  INFO 6012 --- [Thread-6] com.zaxxer.hikari.HikariDataSource       : HikariPool-1 - Shutdown initiated...
2020-05-26 10:52:34.014  INFO 6012 --- [Thread-6] com.zaxxer.hikari.HikariDataSource       : HikariPool-1 - Shutdown completed.
